<?xml version="1.0" encoding="UTF-8"?>
<testng-results ignored="0" total="1" passed="1" failed="0" skipped="0">
  <reporter-output>
  </reporter-output>
  <suite started-at="2021-03-11T10:43:02 IST" name="Default suite" finished-at="2021-03-11T10:43:08 IST" duration-ms="6468">
    <groups>
    </groups>
    <test started-at="2021-03-11T10:43:02 IST" name="Default test" finished-at="2021-03-11T10:43:08 IST" duration-ms="6468">
      <class name="mythili.testng">
        <test-method signature="mn()[pri:0, instance:mythili.testng@55740540]" started-at="2021-03-11T10:43:02 IST" name="mn" finished-at="2021-03-11T10:43:08 IST" duration-ms="6443" status="PASS">
          <reporter-output>
          </reporter-output>
        </test-method> <!-- mn -->
      </class> <!-- mythili.testng -->
    </test> <!-- Default test -->
  </suite> <!-- Default suite -->
</testng-results>
